[T] [CORE] FUEL opening file: d:\steamlibrary\steamapps\common\fuel\user.tsc
[T] [CORE] FUEL opening file: d:\steamlibrary\steamapps\common\fuel\usergame.tsc
[T] [CORE] FUEL opening file: d:\steamlibrary\steamapps\common\fuel\param\pp001.tsc
[T] [CORE] FUEL opening file: d:\steamlibrary\steamapps\common\fuel\gametsc\story\init.tsc
[T] [CORE] FUEL opening file: d:\steamlibrary\steamapps\common\fuel\langdef.tsc
[T] [CORE] FUEL opening file: d:\steamlibrary\steamapps\common\fuel\input\input.pc
[T] [CORE] FUEL opening file: d:\steamlibrary\steamapps\common\fuel\gametsc\story\igacells.tsc
[T] [CORE] FUEL opening file: d:\steamlibrary\steamapps\common\fuel\trtext\tt01.pc
[T] [CORE] FUEL opening file: d:\steamlibrary\steamapps\common\fuel\initlib.tsc
[T] [CORE] FUEL opening file: d:\steamlibrary\steamapps\common\fuel\datas\fontes.dpc
[T] [CORE] FUEL opening file: d:\steamlibrary\steamapps\common\fuel\datas\shared.dpc
[T] [CORE] FUEL opening file: d:\steamlibrary\steamapps\common\fuel\resgigd.tsc
[T] [CORE] FUEL opening file: d:\steamlibrary\steamapps\common\fuel\resbgigd.tsc
[T] [CORE] FUEL opening file: d:\steamlibrary\steamapps\common\fuel\datas\rtcsys.dpc
[T] [CORE] FUEL opening file: d:\steamlibrary\steamapps\common\fuel\clone.tsc
[T] [CORE] FUEL opening file: d:\steamlibrary\steamapps\common\fuel\gametsc\story\levels.tsc
[T] [CORE] FUEL opening file: d:\steamlibrary\steamapps\common\fuel\gametsc\story\menu.tsc
[T] [CORE] FUEL opening file: d:\steamlibrary\steamapps\common\fuel\gametsc\story\events.tsc
[T] [CORE] FUEL opening file: d:\steamlibrary\steamapps\common\fuel\gametsc\story\vehiclesdef.tsc
[T] [CORE] FUEL opening file: d:\steamlibrary\steamapps\common\fuel\mods\delorean\deloreandef.tsc
[T] [CORE] FUEL opening file: d:\steamlibrary\steamapps\common\fuel\gametsc\story\trophy.tsc
[T] [CORE] FUEL opening file: d:\steamlibrary\steamapps\common\fuel\param\vehiclesparam.tsc
[T] [CORE] FUEL opening file: d:\steamlibrary\steamapps\common\fuel\vibrations.tsc
[T] [CORE] FUEL opening file: d:\steamlibrary\steamapps\common\fuel\dftmap.map
[T] [CORE] FUEL opening file: d:\steamlibrary\steamapps\common\fuel\world\menu.dpc
[T] [CORE] FUEL opening file: d:\steamlibrary\steamapps\common\fuel\resrce.tsc
[T] [CORE] FUEL opening file: d:\steamlibrary\steamapps\common\fuel\gametsc\story\musclelib.tsc
[T] [CORE] FUEL opening file: d:\steamlibrary\steamapps\common\fuel\datas\muscle.dpc
[T] [CORE] FUEL opening file: d:\steamlibrary\steamapps\common\fuel\gametsc\story\buggylib.tsc
[T] [CORE] FUEL opening file: d:\steamlibrary\steamapps\common\fuel\datas\buggy.dpc
[T] [CORE] FUEL opening file: d:\steamlibrary\steamapps\common\fuel\gametsc\story\bikelib.tsc
[T] [CORE] FUEL opening file: d:\steamlibrary\steamapps\common\fuel\datas\bike.dpc
[T] [CORE] FUEL opening file: d:\steamlibrary\steamapps\common\fuel\gametsc\story\trucklib.tsc
[T] [CORE] FUEL opening file: d:\steamlibrary\steamapps\common\fuel\datas\truck.dpc
[T] [CORE] FUEL opening file: d:\steamlibrary\steamapps\common\fuel\videos\720p\intro.bik
[T] [CORE] FUEL opening file: d:\steamlibrary\steamapps\common\fuel\gametsc\story\suvlib.tsc
[T] [CORE] FUEL opening file: d:\steamlibrary\steamapps\common\fuel\datas\suv.dpc
[T] [CORE] FUEL opening file: d:\steamlibrary\steamapps\common\fuel\gametsc\story\quadlib.tsc
[T] [CORE] FUEL opening file: d:\steamlibrary\steamapps\common\fuel\datas\quad.dpc
[T] [CORE] FUEL opening file: d:\steamlibrary\steamapps\common\fuel\gametsc\story\bonus1lib.tsc
[T] [CORE] FUEL opening file: d:\steamlibrary\steamapps\common\fuel\datas\bonus1.dpc
[T] [CORE] FUEL opening file: d:\steamlibrary\steamapps\common\fuel\datas\lwyoming.dpc
[T] [CORE] FUEL opening file: d:\steamlibrary\steamapps\common\fuel\gametsc\story\vehlib.tsc
[T] [CORE] FUEL opening file: d:\steamlibrary\steamapps\common\fuel\datas\veh.dpc
[T] [CORE] FUEL opening file: d:\steamlibrary\steamapps\common\fuel\gametsc\story\pilotlib.tsc
[T] [CORE] FUEL opening file: d:\steamlibrary\steamapps\common\fuel\datas\pilot.dpc
[T] [CORE] FUEL opening file: d:\steamlibrary\steamapps\common\fuel\gametsc\story\loadmissionstsc.tsc
[T] [CORE] FUEL opening file: d:\steamlibrary\steamapps\common\fuel\gametsc\story\miss_official.tsc
[T] [CORE] FUEL opening file: d:\steamlibrary\steamapps\common\fuel\gametsc\story\misschallenge.tsc
[T] [CORE] FUEL opening file: d:\steamlibrary\steamapps\common\fuel\world\usa1.dpc
[T] [CORE] FUEL opening file: d:\steamlibrary\steamapps\common\fuel\keepmiss.txt
[T] [CORE] FUEL opening file: d:\steamlibrary\steamapps\common\fuel\keepmiss.txt
[T] [CORE] FUEL opening file: d:\steamlibrary\steamapps\common\fuel\keepmiss.txt
[T] [CORE] FUEL opening file: d:\steamlibrary\steamapps\common\fuel\locked.tsc
[T] [CORE] FUEL opening file: d:\steamlibrary\steamapps\common\fuel\generated_race.csv
[T] [CORE] FUEL opening file: d:\steamlibrary\steamapps\common\fuel\gametsc\story\hubinfos.tsc
[T] [CORE] FUEL opening file: d:\steamlibrary\steamapps\common\fuel\gametsc\story\poi.tsc
[T] [CORE] FUEL opening file: d:\steamlibrary\steamapps\common\fuel\gametsc\story\vehiclesunlock.tsc
[T] [CORE] FUEL opening file: d:\steamlibrary\steamapps\common\fuel\gametsc\interface\interfacesinfospacked.tsc
